[0304/124343.864:ERROR:backend_impl.cc(1041)] Critical error found -8
[0304/124343.865:WARNING:storage_block-inl.h(146)] Failed data load.
[0304/124343.865:ERROR:entry_impl.cc(1075)] No file for c10300e0
[0304/124343.865:WARNING:storage_block-inl.h(146)] Failed data load.
[0304/124344.151:WARNING:storage_block-inl.h(146)] Failed data load.
[0304/124344.151:WARNING:storage_block-inl.h(146)] Failed data load.
[0304/124344.151:WARNING:storage_block-inl.h(146)] Failed data load.
[0304/124344.151:WARNING:storage_block-inl.h(146)] Failed data load.
[0304/124344.151:WARNING:storage_block-inl.h(146)] Failed data load.
[0304/124344.151:WARNING:storage_block-inl.h(146)] Failed data load.
[0304/124344.151:WARNING:storage_block-inl.h(146)] Failed data load.
[0304/124344.151:WARNING:storage_block-inl.h(146)] Failed data load.
[0304/124344.151:WARNING:storage_block-inl.h(146)] Failed data load.
[0304/124344.151:WARNING:storage_block-inl.h(146)] Failed data load.
[0304/124344.151:WARNING:storage_block-inl.h(146)] Failed data load.
[0304/124344.151:WARNING:storage_block-inl.h(146)] Failed data load.
[0304/124344.152:WARNING:storage_block-inl.h(146)] Failed data load.
[0304/124344.152:WARNING:storage_block-inl.h(146)] Failed data load.
[0304/124344.152:WARNING:storage_block-inl.h(146)] Failed data load.
[0304/124344.152:WARNING:storage_block-inl.h(146)] Failed data load.
[0304/124344.152:ERROR:entry_impl.cc(998)] Failed to save user data
[0304/124344.152:ERROR:entry_impl.cc(998)] Failed to save user data
[0304/124344.152:ERROR:entry_impl.cc(998)] Failed to save user data
[0304/124344.152:ERROR:entry_impl.cc(998)] Failed to save user data
[0304/124344.161:ERROR:entry_impl.cc(998)] Failed to save user data
[0304/124344.161:ERROR:entry_impl.cc(998)] Failed to save user data
[0304/124345.963:WARNING:value_store_frontend.cc(45)] Reading mhjfbmdgcfjbbpaeojofohoefgiehjai.alarms from  failed: IO error: .../MANIFEST-000001: Unable to create sequential file (ChromeMethodBFE: 7::NewSequentialFile::1)
[0304/124541.450:ERROR:gpu_init.cc(426)] Passthrough is not supported, GL is disabled
